WARNING:tensorflow:From /home/mwangbc/.conda/envs/py27/lib/python2.7/site-packages/tensorflow/python/util/tf_should_use.py:118: initialize_all_variables (from tensorflow.python.ops.variables) is deprecated and will be removed after 2017-03-02.
Instructions for updating:
Use `tf.global_variables_initializer` instead.
WARNING:tensorflow:From /home/mwangbc/.conda/envs/py27/lib/python2.7/site-packages/tensorflow/python/util/tf_should_use.py:118: initialize_all_variables (from tensorflow.python.ops.variables) is deprecated and will be removed after 2017-03-02.
Instructions for updating:
Use `tf.global_variables_initializer` instead.
INFO:root:epoch 0: batch: 100/420
INFO:root:epoch 0: avg_accuracy: 0.140625
INFO:root:epoch 0: lr = 0.001000
INFO:root:epoch 0: reward = 0.1328	loss = 2.4112	xent = 2.2992
INFO:root:llratio = 0.0039	baselines_mse = 0.1159
DEBUG:root:baselines = [[0.08907542 0.1300597  0.17811139 0.16552104]
 [0.05108578 0.07685644 0.08890575 0.07739951]
 [0.08043043 0.10865393 0.1113057  0.09644419]
 ...
 [0.04479001 0.05226211 0.06812511 0.10683557]
 [0.08454558 0.07404375 0.09320387 0.13753825]
 [0.08180933 0.0867747  0.08774453 0.11090123]]	rewards = [[1. 1. 1. 1.]
 [0. 0. 0. 0.]
 [0. 0. 0. 0.]
 ...
 [0. 0. 0. 0.]
 [0. 0. 0. 0.]
 [1. 1. 1. 1.]]
INFO:root:epoch 0: batch: 200/420
INFO:root:epoch 0: avg_accuracy: 0.171875
INFO:root:epoch 0: lr = 0.001000
INFO:root:epoch 0: reward = 0.1492	loss = 2.4054	xent = 2.2767
INFO:root:llratio = -0.0020	baselines_mse = 0.1267
DEBUG:root:baselines = [[0.13126042 0.13352628 0.14624232 0.13225384]
 [0.12944537 0.13853288 0.16834013 0.15680747]
 [0.14388838 0.16362394 0.15605947 0.16608083]
 ...
 [0.12880518 0.1363596  0.128404   0.12663905]
 [0.17792816 0.20474261 0.26226205 0.21534699]
 [0.10141814 0.1325365  0.14272554 0.15913066]]	rewards = [[0. 0. 0. 0.]
 [0. 0. 0. 0.]
 [1. 1. 1. 1.]
 ...
 [1. 1. 1. 1.]
 [0. 0. 0. 0.]
 [0. 0. 0. 0.]]
INFO:root:epoch 0: batch: 300/420
INFO:root:epoch 0: avg_accuracy: 0.140625
INFO:root:epoch 0: lr = 0.001000
INFO:root:epoch 0: reward = 0.1250	loss = 2.3925	xent = 2.2721
INFO:root:llratio = -0.0070	baselines_mse = 0.1134
DEBUG:root:baselines = [[0.15402022 0.13951534 0.11380949 0.1428129 ]
 [0.13714126 0.12040825 0.13358141 0.11426118]
 [0.12893017 0.15715505 0.13816448 0.11520093]
 ...
 [0.23848338 0.23188707 0.1641125  0.11889477]
 [0.10798141 0.10144682 0.11034731 0.12051791]
 [0.1112489  0.10775903 0.11078306 0.13399862]]	rewards = [[0. 0. 0. 0.]
 [0. 0. 0. 0.]
 [0. 0. 0. 0.]
 ...
 [0. 0. 0. 0.]
 [0. 0. 0. 0.]
 [0. 0. 0. 0.]]
INFO:root:epoch 0: batch: 400/420
INFO:root:epoch 0: avg_accuracy: 0.125
INFO:root:epoch 0: lr = 0.001000
INFO:root:epoch 0: reward = 0.1312	loss = 2.3467	xent = 2.2369
INFO:root:llratio = -0.0051	baselines_mse = 0.1047
DEBUG:root:baselines = [[0.13396853 0.12792718 0.16422087 0.13172361]
 [0.14369544 0.18005438 0.11983836 0.12378095]
 [0.14424852 0.20421079 0.142509   0.1126029 ]
 ...
 [0.13837716 0.0995311  0.10099699 0.08667922]
 [0.12166917 0.13351819 0.08008754 0.13866162]
 [0.21602817 0.17407921 0.19719528 0.14967412]]	rewards = [[0. 0. 0. 0.]
 [1. 1. 1. 1.]
 [0. 0. 0. 0.]
 ...
 [0. 0. 0. 0.]
 [1. 1. 1. 1.]
 [0. 0. 0. 0.]]
INFO:root:epoch 0: valid accuracy = 0.19972826087
INFO:root:epoch 1: batch: 100/420
INFO:root:epoch 1: avg_accuracy: 0.234375
INFO:root:epoch 1: lr = 0.000970
INFO:root:epoch 1: reward = 0.1766	loss = 2.2807	xent = 2.1468
INFO:root:llratio = 0.0031	baselines_mse = 0.1370
DEBUG:root:baselines = [[0.26023653 0.20338401 0.19231549 0.17345148]
 [0.12910078 0.1798767  0.2388148  0.20064351]
 [0.18992762 0.1758337  0.16050819 0.17423029]
 ...
 [0.28816307 0.24182668 0.24230087 0.1849468 ]
 [0.13131031 0.19866532 0.18633479 0.1870569 ]
 [0.6280593  0.7147567  0.73849255 0.74740756]]	rewards = [[1. 1. 1. 1.]
 [0. 0. 0. 0.]
 [0. 0. 0. 0.]
 ...
 [0. 0. 0. 0.]
 [0. 0. 0. 0.]
 [1. 1. 1. 1.]]
INFO:root:epoch 1: batch: 200/420
INFO:root:epoch 1: avg_accuracy: 0.265625
INFO:root:epoch 1: lr = 0.000970
INFO:root:epoch 1: reward = 0.2188	loss = 2.2529	xent = 2.0917
INFO:root:llratio = -0.0037	baselines_mse = 0.1574
DEBUG:root:baselines = [[0.16457047 0.17274094 0.14137995 0.12484037]
 [0.16930756 0.1681814  0.21344465 0.17257378]
 [0.2576917  0.25990075 0.2803048  0.30110347]
 ...
 [0.36733896 0.3585954  0.30897802 0.3169765 ]
 [0.16167511 0.16430365 0.14324152 0.13695364]
 [0.14401296 0.14984643 0.16920696 0.166425  ]]	rewards = [[1. 1. 1. 1.]
 [0. 0. 0. 0.]
 [1. 1. 1. 1.]
 ...
 [0. 0. 0. 0.]
 [0. 0. 0. 0.]
 [1. 1. 1. 1.]]
INFO:root:epoch 1: batch: 300/420
INFO:root:epoch 1: avg_accuracy: 0.3046875
INFO:root:epoch 1: lr = 0.000970
INFO:root:epoch 1: reward = 0.2016	loss = 2.2386	xent = 2.0778
INFO:root:llratio = -0.0014	baselines_mse = 0.1593
DEBUG:root:baselines = [[0.14470321 0.13524999 0.17476472 0.18053213]
 [0.22559923 0.23416737 0.22929066 0.21818942]
 [0.1602534  0.14611743 0.12953441 0.3771054 ]
 ...
 [0.13829625 0.13679804 0.13002129 0.13107051]
 [0.13515243 0.1392115  0.1274465  0.12052521]
 [0.18303047 0.17375898 0.17547762 0.14514002]]	rewards = [[0. 0. 0. 0.]
 [0. 0. 0. 0.]
 [0. 0. 0. 0.]
 ...
 [1. 1. 1. 1.]
 [1. 1. 1. 1.]
 [0. 0. 0. 0.]]
INFO:root:epoch 1: batch: 400/420
INFO:root:epoch 1: avg_accuracy: 0.3125
INFO:root:epoch 1: lr = 0.000970
INFO:root:epoch 1: reward = 0.2203	loss = 2.2439	xent = 2.0779
INFO:root:llratio = -0.0145	baselines_mse = 0.1515
DEBUG:root:baselines = [[0.21932355 0.21297835 0.19899729 0.18778142]
 [0.29812616 0.41042238 0.3685243  0.35757506]
 [0.34858632 0.314696   0.28353184 0.25921163]
 ...
 [0.18045092 0.18735272 0.18152696 0.15967056]
 [0.19707447 0.17531423 0.15950298 0.1595881 ]
 [0.3822577  0.34915644 0.35884935 0.45988762]]	rewards = [[0. 0. 0. 0.]
 [1. 1. 1. 1.]
 [0. 0. 0. 0.]
 ...
 [0. 0. 0. 0.]
 [0. 0. 0. 0.]
 [1. 1. 1. 1.]]
INFO:root:epoch 1: valid accuracy = 0.371433423913
INFO:root:epoch 2: batch: 100/420
INFO:root:epoch 2: avg_accuracy: 0.4140625
INFO:root:epoch 2: lr = 0.000941
INFO:root:epoch 2: reward = 0.2727	loss = 2.1402	xent = 1.9729
INFO:root:llratio = 0.0115	baselines_mse = 0.1788
DEBUG:root:baselines = [[0.31353796 0.27750814 0.24497765 0.20608887]
 [0.20328313 0.40075523 0.5447967  0.6491065 ]
 [0.1804829  0.17393717 0.1691944  0.1510524 ]
 ...
 [0.16840066 0.24527133 0.3604229  0.31876683]
 [0.16396488 0.15715876 0.26223463 0.26506788]
 [0.1665981  0.15849926 0.13727014 0.13295351]]	rewards = [[0. 0. 0. 0.]
 [1. 1. 1. 1.]
 [0. 0. 0. 0.]
 ...
 [0. 0. 0. 0.]
 [1. 1. 1. 1.]
 [1. 1. 1. 1.]]
INFO:root:epoch 2: batch: 200/420
INFO:root:epoch 2: avg_accuracy: 0.4453125
INFO:root:epoch 2: lr = 0.000941
INFO:root:epoch 2: reward = 0.3148	loss = 2.1044	xent = 1.9199
INFO:root:llratio = 0.0095	baselines_mse = 0.1940
DEBUG:root:baselines = [[0.18179567 0.1496082  0.16902645 0.14981018]
 [0.2233815  0.22894831 0.17235115 0.27887112]
 [0.19946201 0.17764303 0.18854034 0.16530621]
 ...
 [0.19324397 0.17658888 0.21179676 0.34088242]
 [0.26572198 0.28252554 0.21484059 0.32766974]
 [0.55995667 0.6732012  0.63517654 0.6502023 ]]	rewards = [[0. 0. 0. 0.]
 [1. 1. 1. 1.]
 [1. 1. 1. 1.]
 ...
 [0. 0. 0. 0.]
 [1. 1. 1. 1.]
 [1. 1. 1. 1.]]
INFO:root:epoch 2: batch: 300/420
INFO:root:epoch 2: avg_accuracy: 0.375
INFO:root:epoch 2: lr = 0.000941
INFO:root:epoch 2: reward = 0.2852	loss = 2.1281	xent = 1.9383
INFO:root:llratio = -0.0084	baselines_mse = 0.1814
DEBUG:root:baselines = [[0.18566343 0.1632208  0.1350194  0.11097559]
 [0.30194664 0.26846057 0.298186   0.32874373]
 [0.32293725 0.27186245 0.18001921 0.28153276]
 ...
 [0.24938203 0.3117997  0.3268425  0.3061615 ]
 [0.20753703 0.19672856 0.17564118 0.1756691 ]
 [0.18358083 0.17222726 0.16549134 0.24292623]]	rewards = [[0. 0. 0. 0.]
 [1. 1. 1. 1.]
 [0. 0. 0. 0.]
 ...
 [1. 1. 1. 1.]
 [0. 0. 0. 0.]
 [0. 0. 0. 0.]]
INFO:root:epoch 2: batch: 400/420
INFO:root:epoch 2: avg_accuracy: 0.40625
INFO:root:epoch 2: lr = 0.000941
INFO:root:epoch 2: reward = 0.2922	loss = 2.1156	xent = 1.9408
INFO:root:llratio = -0.0003	baselines_mse = 0.1745
DEBUG:root:baselines = [[0.19819479 0.3055998  0.32802814 0.29339218]
 [0.29364413 0.50653553 0.48261496 0.5919417 ]
 [0.28142795 0.25297093 0.24947688 0.22117677]
 ...
 [0.19043377 0.17785275 0.15834157 0.13327911]
 [0.27922577 0.28625202 0.29343563 0.29618236]
 [0.20199095 0.17419943 0.3714522  0.5617956 ]]	rewards = [[0. 0. 0. 0.]
 [1. 1. 1. 1.]
 [0. 0. 0. 0.]
 ...
 [0. 0. 0. 0.]
 [0. 0. 0. 0.]
 [1. 1. 1. 1.]]
INFO:root:epoch 2: valid accuracy = 0.467391304348
INFO:root:epoch 3: batch: 100/420
INFO:root:epoch 3: avg_accuracy: 0.515625
INFO:root:epoch 3: lr = 0.000913
INFO:root:epoch 3: reward = 0.3250	loss = 2.0593	xent = 1.8704
INFO:root:llratio = 0.0027	baselines_mse = 0.1916
DEBUG:root:baselines = [[0.36495692 0.28124815 0.2768782  0.26471224]
 [0.22197765 0.18582013 0.46547148 0.5672133 ]
 [0.4050848  0.4524224  0.4714397  0.49195057]
 ...
 [0.3786033  0.4352189  0.41735205 0.48271775]
 [0.24971883 0.18123385 0.13180353 0.13823628]
 [0.19450133 0.18164815 0.1743337  0.16233625]]	rewards = [[1. 1. 1. 1.]
 [1. 1. 1. 1.]
 [0. 0. 0. 0.]
 ...
 [0. 0. 0. 0.]
 [0. 0. 0. 0.]
 [1. 1. 1. 1.]]
INFO:root:epoch 3: batch: 200/420
INFO:root:epoch 3: avg_accuracy: 0.5234375
INFO:root:epoch 3: lr = 0.000913
INFO:root:epoch 3: reward = 0.3430	loss = 2.0095	xent = 1.8232
INFO:root:llratio = 0.0056	baselines_mse = 0.1919
DEBUG:root:baselines = [[0.34459615 0.31642032 0.34117824 0.3144077 ]
 [0.20342605 0.17432064 0.21306278 0.16475447]
 [0.2581902  0.2147857  0.2292885  0.2151608 ]
 ...
 [0.24211708 0.22251342 0.17654456 0.15270533]
 [0.23073962 0.2186423  0.18120612 0.15584426]
 [0.5121853  0.5619098  0.5866248  0.5799156 ]]	rewards = [[0. 0. 0. 0.]
 [0. 0. 0. 0.]
 [0. 0. 0. 0.]
 ...
 [0. 0. 0. 0.]
 [0. 0. 0. 0.]
 [1. 1. 1. 1.]]
INFO:root:epoch 3: batch: 300/420
INFO:root:epoch 3: avg_accuracy: 0.5625
INFO:root:epoch 3: lr = 0.000913
INFO:root:epoch 3: reward = 0.3406	loss = 2.0477	xent = 1.8546
INFO:root:llratio = -0.0019	baselines_mse = 0.1911
DEBUG:root:baselines = [[0.19690612 0.17544225 0.20681302 0.20505354]
 [0.2599967  0.37029704 0.25194064 0.20621878]
 [0.24593787 0.2226259  0.1760464  0.29503775]
 ...
 [0.22473864 0.18935786 0.14074326 0.11181398]
 [0.36768627 0.35714817 0.32304233 0.29934412]
 [0.41726404 0.48500746 0.4176594  0.3159186 ]]	rewards = [[0. 0. 0. 0.]
 [0. 0. 0. 0.]
 [0. 0. 0. 0.]
 ...
 [0. 0. 0. 0.]
 [1. 1. 1. 1.]
 [0. 0. 0. 0.]]
INFO:root:epoch 3: batch: 400/420
INFO:root:epoch 3: avg_accuracy: 0.5078125
INFO:root:epoch 3: lr = 0.000913
INFO:root:epoch 3: reward = 0.3500	loss = 2.0247	xent = 1.8368
INFO:root:llratio = 0.0039	baselines_mse = 0.1918
DEBUG:root:baselines = [[0.24270055 0.21155141 0.1542992  0.13519402]
 [0.6530507  0.706189   0.85910094 0.8567863 ]
 [0.2554905  0.22617817 0.26745522 0.2064857 ]
 ...
 [0.23483995 0.20353957 0.15390445 0.11599003]
 [0.22450536 0.1840554  0.1663123  0.12270951]
 [0.46047848 0.43352443 0.40186536 0.3842497 ]]	rewards = [[0. 0. 0. 0.]
 [1. 1. 1. 1.]
 [0. 0. 0. 0.]
 ...
 [0. 0. 0. 0.]
 [0. 0. 0. 0.]
 [0. 0. 0. 0.]]
INFO:root:epoch 3: valid accuracy = 0.534307065217
INFO:root:epoch 4: batch: 100/420
INFO:root:epoch 4: avg_accuracy: 0.5625
INFO:root:epoch 4: lr = 0.000885
INFO:root:epoch 4: reward = 0.3320	loss = 2.0230	xent = 1.8335
INFO:root:llratio = -0.0027	baselines_mse = 0.1868
DEBUG:root:baselines = [[0.28468198 0.24495019 0.15983355 0.11129376]
 [0.82165205 0.88390857 1.0752265  1.131636  ]
 [0.34607834 0.30688083 0.29225832 0.2548878 ]
 ...
 [0.2854076  0.32515836 0.32180035 0.25404805]
 [0.29518232 0.24867286 0.21596405 0.1885036 ]
 [0.19934416 0.17894042 0.1539992  0.13213608]]	rewards = [[1. 1. 1. 1.]
 [1. 1. 1. 1.]
 [1. 1. 1. 1.]
 ...
 [1. 1. 1. 1.]
 [1. 1. 1. 1.]
 [1. 1. 1. 1.]]
INFO:root:epoch 4: batch: 200/420
INFO:root:epoch 4: avg_accuracy: 0.546875
INFO:root:epoch 4: lr = 0.000885
INFO:root:epoch 4: reward = 0.3547	loss = 1.9622	xent = 1.7708
INFO:root:llratio = -0.0032	baselines_mse = 0.1882
DEBUG:root:baselines = [[0.30272663 0.25100765 0.16045687 0.06138035]
 [0.2769891  0.20897178 0.1630875  0.63848203]
 [0.20836897 0.33546042 0.3444522  0.28405887]
 ...
 [0.21216844 0.1878824  0.3546886  0.32242653]
 [0.21141493 0.63785183 0.5586263  0.4276331 ]
 [0.23307589 0.7746278  0.8052588  0.84376895]]	rewards = [[0. 0. 0. 0.]
 [0. 0. 0. 0.]
 [0. 0. 0. 0.]
 ...
 [0. 0. 0. 0.]
 [0. 0. 0. 0.]
 [1. 1. 1. 1.]]
INFO:root:epoch 4: batch: 300/420
INFO:root:epoch 4: avg_accuracy: 0.625
INFO:root:epoch 4: lr = 0.000885
INFO:root:epoch 4: reward = 0.3352	loss = 2.0181	xent = 1.8306
INFO:root:llratio = -0.0101	baselines_mse = 0.1775
DEBUG:root:baselines = [[0.38647184 0.3326851  0.29185474 0.24861687]
 [0.27718607 0.21316208 0.20330097 0.18689512]
 [0.30959725 0.2578585  0.4265864  0.46472886]
 ...
 [0.2799572  0.2061632  0.20165797 0.17823069]
 [0.24972211 0.22087824 0.18465926 0.15183793]
 [0.34285936 0.34746012 0.35325164 0.33410743]]	rewards = [[0. 0. 0. 0.]
 [1. 1. 1. 1.]
 [0. 0. 0. 0.]
 ...
 [1. 1. 1. 1.]
 [0. 0. 0. 0.]
 [1. 1. 1. 1.]]
INFO:root:epoch 4: batch: 400/420
INFO:root:epoch 4: avg_accuracy: 0.515625
INFO:root:epoch 4: lr = 0.000885
INFO:root:epoch 4: reward = 0.3492	loss = 2.0106	xent = 1.8257
INFO:root:llratio = -0.0019	baselines_mse = 0.1830
DEBUG:root:baselines = [[0.22612312 0.26252866 0.25572437 0.22837919]
 [0.9297333  0.89053226 0.8695278  0.91787887]
 [0.21748504 0.31884634 0.24875976 0.26966813]
 ...
 [0.2918349  0.252513   0.19411156 0.1535127 ]
 [0.3345483  0.33815628 0.2497473  0.19873834]
 [0.23314147 0.5827795  0.752601   0.693197  ]]	rewards = [[0. 0. 0. 0.]
 [1. 1. 1. 1.]
 [1. 1. 1. 1.]
 ...
 [0. 0. 0. 0.]
 [0. 0. 0. 0.]
 [1. 1. 1. 1.]]
INFO:root:epoch 4: valid accuracy = 0.589164402174
INFO:root:epoch 5: batch: 100/420
INFO:root:epoch 5: avg_accuracy: 0.609375
INFO:root:epoch 5: lr = 0.000859
INFO:root:epoch 5: reward = 0.3586	loss = 1.9515	xent = 1.7650
INFO:root:llratio = 0.0043	baselines_mse = 0.1907
DEBUG:root:baselines = [[0.21867767 0.21671416 0.18335715 0.16889831]
 [0.7373809  0.8501073  0.9670441  1.0662649 ]
 [0.31538042 0.26921672 0.41883537 0.35330808]
 ...
 [0.2685015  0.23614083 0.22207439 0.1307934 ]
 [0.22963358 0.24001947 0.24978949 0.19542195]
 [0.23228058 0.23955405 0.19981165 0.16697904]]	rewards = [[1. 1. 1. 1.]
 [1. 1. 1. 1.]
 [0. 0. 0. 0.]
 ...
 [1. 1. 1. 1.]
 [0. 0. 0. 0.]
 [1. 1. 1. 1.]]
INFO:root:epoch 5: batch: 200/420
INFO:root:epoch 5: avg_accuracy: 0.5859375
INFO:root:epoch 5: lr = 0.000859
INFO:root:epoch 5: reward = 0.3812	loss = 1.9286	xent = 1.7361
INFO:root:llratio = -0.0028	baselines_mse = 0.1897
DEBUG:root:baselines = [[0.54217917 0.47825664 0.53918326 0.40364736]
 [0.25007063 0.22119516 0.21085522 0.188727  ]
 [0.222267   0.22629108 0.78614557 0.6796526 ]
 ...
 [0.2239241  0.20692083 0.3768772  0.41725606]
 [0.2503404  0.22634056 0.17782435 0.1193152 ]
 [0.50637174 0.44744578 0.43991527 0.76664305]]	rewards = [[1. 1. 1. 1.]
 [0. 0. 0. 0.]
 [1. 1. 1. 1.]
 ...
 [0. 0. 0. 0.]
 [0. 0. 0. 0.]
 [1. 1. 1. 1.]]
INFO:root:epoch 5: batch: 300/420
INFO:root:epoch 5: avg_accuracy: 0.625
INFO:root:epoch 5: lr = 0.000859
INFO:root:epoch 5: reward = 0.3680	loss = 1.9418	xent = 1.7583
INFO:root:llratio = 0.0014	baselines_mse = 0.1849
DEBUG:root:baselines = [[0.400826   0.28860033 0.18544209 0.13318563]
 [0.472842   0.4144355  0.343661   0.4420059 ]
 [0.5121678  0.70936286 0.5349903  0.47490653]
 ...
 [0.22152495 0.23713979 0.15297598 0.11643223]
 [0.24915197 0.3230142  0.24346748 0.17411037]
 [0.28731367 0.39367387 0.5211251  0.5320933 ]]	rewards = [[1. 1. 1. 1.]
 [1. 1. 1. 1.]
 [0. 0. 0. 0.]
 ...
 [1. 1. 1. 1.]
 [0. 0. 0. 0.]
 [1. 1. 1. 1.]]
INFO:root:epoch 5: batch: 400/420
INFO:root:epoch 5: avg_accuracy: 0.6484375
INFO:root:epoch 5: lr = 0.000859
INFO:root:epoch 5: reward = 0.3812	loss = 1.9374	xent = 1.7467
INFO:root:llratio = -0.0001	baselines_mse = 0.1906
DEBUG:root:baselines = [[0.28252357 0.22674581 0.15950303 0.12106941]
 [1.0363224  0.87753016 0.9756186  1.021236  ]
 [0.25225416 0.28832632 0.23942952 0.23415282]
 ...
 [0.309197   0.2547186  0.40137315 0.27526715]
 [0.5172407  0.5165378  0.5096932  0.4984737 ]
 [0.23306847 0.7359376  0.6023662  0.5749185 ]]	rewards = [[0. 0. 0. 0.]
 [1. 1. 1. 1.]
 [0. 0. 0. 0.]
 ...
 [0. 0. 0. 0.]
 [0. 0. 0. 0.]
 [1. 1. 1. 1.]]
INFO:root:epoch 5: valid accuracy = 0.611922554348
INFO:root:epoch 6: batch: 100/420
INFO:root:epoch 6: avg_accuracy: 0.5859375
INFO:root:epoch 6: lr = 0.000833
INFO:root:epoch 6: reward = 0.3719	loss = 1.9432	xent = 1.7461
INFO:root:llratio = -0.0087	baselines_mse = 0.1885
DEBUG:root:baselines = [[0.55154634 0.5135524  0.48572317 0.4203006 ]
 [0.7164101  0.90530515 0.97734195 1.0598245 ]
 [0.4328588  0.39438635 0.36555815 0.34434813]
 ...
 [0.24762303 0.66008866 0.5711199  0.47231188]
 [0.248686   0.2285259  0.19232637 0.18160331]
 [0.23459515 0.1989208  0.14700463 0.1180072 ]]	rewards = [[1. 1. 1. 1.]
 [1. 1. 1. 1.]
 [1. 1. 1. 1.]
 ...
 [0. 0. 0. 0.]
 [0. 0. 0. 0.]
 [1. 1. 1. 1.]]
INFO:root:epoch 6: batch: 200/420
INFO:root:epoch 6: avg_accuracy: 0.6484375
INFO:root:epoch 6: lr = 0.000833
INFO:root:epoch 6: reward = 0.4227	loss = 1.8471	xent = 1.6416
INFO:root:llratio = -0.0096	baselines_mse = 0.1960
DEBUG:root:baselines = [[0.26208568 0.34532392 0.35892516 0.2813385 ]
 [0.2528629  0.22487423 0.20213735 0.16137241]
 [0.33975905 0.29262847 0.21774006 0.16246086]
 ...
 [0.8361188  0.89454794 0.93141496 0.9858015 ]
 [0.3281855  0.2766101  0.25328106 0.19786961]
 [0.2249597  0.20331629 0.14760157 0.8485722 ]]	rewards = [[0. 0. 0. 0.]
 [0. 0. 0. 0.]
 [0. 0. 0. 0.]
 ...
 [1. 1. 1. 1.]
 [0. 0. 0. 0.]
 [1. 1. 1. 1.]]
INFO:root:epoch 6: batch: 300/420
INFO:root:epoch 6: avg_accuracy: 0.6171875
INFO:root:epoch 6: lr = 0.000833
INFO:root:epoch 6: reward = 0.3836	loss = 1.9146	xent = 1.7308
INFO:root:llratio = -0.0037	baselines_mse = 0.1801
DEBUG:root:baselines = [[0.22668523 0.4753933  0.39511725 0.3554818 ]
 [0.30216768 0.22095343 0.26529837 0.3874933 ]
 [0.59525806 0.5771871  0.619095   0.8090179 ]
 ...
 [0.8825203  0.9321309  0.92967397 0.8986022 ]
 [0.34804267 0.26178724 0.1796958  0.12277904]
 [0.22976449 0.23627508 0.37613517 0.4110999 ]]	rewards = [[0. 0. 0. 0.]
 [0. 0. 0. 0.]
 [1. 1. 1. 1.]
 ...
 [1. 1. 1. 1.]
 [0. 0. 0. 0.]
 [1. 1. 1. 1.]]
INFO:root:epoch 6: batch: 400/420
INFO:root:epoch 6: avg_accuracy: 0.6328125
INFO:root:epoch 6: lr = 0.000833
INFO:root:epoch 6: reward = 0.3883	loss = 1.9333	xent = 1.7516
INFO:root:llratio = 0.0078	baselines_mse = 0.1895
DEBUG:root:baselines = [[0.2986201  0.29166675 0.19962    0.14482564]
 [0.7306936  0.8269777  0.87077236 0.8272442 ]
 [0.33766896 0.29566187 0.2156131  0.11763859]
 ...
 [0.36482862 0.29207438 0.21705104 0.14964046]
 [0.25820577 0.22274205 0.19772887 0.13097858]
 [0.23143092 0.62407666 0.48835605 0.6091557 ]]	rewards = [[0. 0. 0. 0.]
 [1. 1. 1. 1.]
 [0. 0. 0. 0.]
 ...
 [0. 0. 0. 0.]
 [0. 0. 0. 0.]
 [1. 1. 1. 1.]]
INFO:root:epoch 6: valid accuracy = 0.625169836957
INFO:root:epoch 7: batch: 100/420
INFO:root:epoch 7: avg_accuracy: 0.6875
INFO:root:epoch 7: lr = 0.000808
INFO:root:epoch 7: reward = 0.4102	loss = 1.8614	xent = 1.6749
INFO:root:llratio = 0.0047	baselines_mse = 0.1912
DEBUG:root:baselines = [[0.30983156 0.40500513 0.39466715 0.2791073 ]
 [0.46329033 0.8605812  1.0233839  1.0719299 ]
 [0.29661363 0.2591313  0.25416282 0.21589628]
 ...
 [0.42557085 0.33202696 0.4402184  0.56413746]
 [0.2646024  0.22029236 0.19456507 0.15609878]
 [0.2262866  0.19658397 0.1402973  0.09473619]]	rewards = [[1. 1. 1. 1.]
 [1. 1. 1. 1.]
 [0. 0. 0. 0.]
 ...
 [1. 1. 1. 1.]
 [0. 0. 0. 0.]
 [0. 0. 0. 0.]]
INFO:root:epoch 7: batch: 200/420
INFO:root:epoch 7: avg_accuracy: 0.6328125
INFO:root:epoch 7: lr = 0.000808
INFO:root:epoch 7: reward = 0.3961	loss = 1.8784	xent = 1.6830
INFO:root:llratio = 0.0001	baselines_mse = 0.1955
DEBUG:root:baselines = [[0.3498361  0.32331145 0.25241005 0.23020843]
 [0.5522742  0.33857816 0.29252142 0.30076838]
 [0.5300199  0.44336623 0.40103304 0.39948344]
 ...
 [0.22824651 0.20270534 0.16886306 0.3262965 ]
 [0.25604212 0.22514063 0.17991655 0.21089491]
 [0.74197674 0.7302669  0.77406365 0.7160192 ]]	rewards = [[0. 0. 0. 0.]
 [1. 1. 1. 1.]
 [1. 1. 1. 1.]
 ...
 [0. 0. 0. 0.]
 [0. 0. 0. 0.]
 [1. 1. 1. 1.]]
INFO:root:epoch 7: batch: 300/420
INFO:root:epoch 7: avg_accuracy: 0.6328125
INFO:root:epoch 7: lr = 0.000808
INFO:root:epoch 7: reward = 0.3938	loss = 1.8681	xent = 1.6922
INFO:root:llratio = 0.0040	baselines_mse = 0.1798
DEBUG:root:baselines = [[0.4287983  0.36562687 0.3374829  0.29770112]
 [0.28304175 0.33479142 0.3390855  0.31518972]
 [0.61849546 0.53120005 0.49103937 0.5062924 ]
 ...
 [0.24156184 0.21136022 0.16738033 0.1206327 ]
 [0.30191925 0.40784115 0.3243913  0.2702852 ]
 [0.38352358 0.3486712  0.4348619  0.40856728]]	rewards = [[0. 0. 0. 0.]
 [0. 0. 0. 0.]
 [1. 1. 1. 1.]
 ...
 [0. 0. 0. 0.]
 [1. 1. 1. 1.]
 [1. 1. 1. 1.]]
INFO:root:epoch 7: batch: 400/420
INFO:root:epoch 7: avg_accuracy: 0.6796875
INFO:root:epoch 7: lr = 0.000808
INFO:root:epoch 7: reward = 0.4016	loss = 1.8641	xent = 1.6869
INFO:root:llratio = 0.0101	baselines_mse = 0.1873
DEBUG:root:baselines = [[0.30929685 0.2785854  0.2685341  0.17407869]
 [0.5110674  0.35707307 0.35046348 0.24779402]
 [0.2810992  0.19134024 0.15055792 0.11269373]
 ...
 [0.25010765 0.203205   0.17789434 0.11564317]
 [0.2509855  0.21179613 0.1685615  0.1356094 ]
 [0.43841133 0.66125304 0.7144583  0.8125116 ]]	rewards = [[0. 0. 0. 0.]
 [0. 0. 0. 0.]
 [0. 0. 0. 0.]
 ...
 [0. 0. 0. 0.]
 [0. 0. 0. 0.]
 [1. 1. 1. 1.]]
INFO:root:epoch 7: valid accuracy = 0.640285326087
INFO:root:epoch 8: batch: 100/420
INFO:root:epoch 8: avg_accuracy: 0.7109375
INFO:root:epoch 8: lr = 0.000784
INFO:root:epoch 8: reward = 0.4289	loss = 1.8260	xent = 1.6334
INFO:root:llratio = -0.0001	baselines_mse = 0.1924
DEBUG:root:baselines = [[0.29939932 0.24359946 0.2279793  0.18693486]
 [0.93540573 0.9057009  1.0457846  1.0389258 ]
 [0.285778   0.22507814 0.14521158 0.08874899]
 ...
 [0.52538884 0.5411762  0.43554726 0.42505372]
 [0.252549   0.2170808  0.18204425 0.21051356]
 [0.21157484 0.18069479 0.16032189 0.15736428]]	rewards = [[0. 0. 0. 0.]
 [1. 1. 1. 1.]
 [1. 1. 1. 1.]
 ...
 [1. 1. 1. 1.]
 [0. 0. 0. 0.]
 [0. 0. 0. 0.]]
INFO:root:epoch 8: batch: 200/420
INFO:root:epoch 8: avg_accuracy: 0.625
INFO:root:epoch 8: lr = 0.000784
INFO:root:epoch 8: reward = 0.4086	loss = 1.8502	xent = 1.6499
INFO:root:llratio = -0.0115	baselines_mse = 0.1888
DEBUG:root:baselines = [[0.25083062 0.1892887  0.13325664 0.11108693]
 [0.33355218 0.7654581  0.69920206 0.6938462 ]
 [0.24459818 0.21826524 0.17341088 0.13448434]
 ...
 [0.3237844  0.30222422 0.5774807  0.54768485]
 [0.2659172  0.24411508 0.2597173  0.19195485]
 [0.7718619  0.80223155 0.7997948  0.7965739 ]]	rewards = [[0. 0. 0. 0.]
 [1. 1. 1. 1.]
 [0. 0. 0. 0.]
 ...
 [0. 0. 0. 0.]
 [0. 0. 0. 0.]
 [1. 1. 1. 1.]]
INFO:root:epoch 8: batch: 300/420
INFO:root:epoch 8: avg_accuracy: 0.609375
INFO:root:epoch 8: lr = 0.000784
INFO:root:epoch 8: reward = 0.4031	loss = 1.8588	xent = 1.6773
INFO:root:llratio = 0.0042	baselines_mse = 0.1858
DEBUG:root:baselines = [[0.5181639  0.41699615 0.43836558 0.39700654]
 [0.3409229  0.4655286  0.52722967 0.48380312]
 [0.6619338  0.43448228 0.67339253 0.6563742 ]
 ...
 [0.35799927 0.33299854 0.4050063  0.34448716]
 [0.27173287 0.23283759 0.19964027 0.32608002]
 [0.27718547 0.22575054 0.40692234 0.5557265 ]]	rewards = [[0. 0. 0. 0.]
 [1. 1. 1. 1.]
 [1. 1. 1. 1.]
 ...
 [1. 1. 1. 1.]
 [0. 0. 0. 0.]
 [1. 1. 1. 1.]]
INFO:root:epoch 8: batch: 400/420
INFO:root:epoch 8: avg_accuracy: 0.671875
INFO:root:epoch 8: lr = 0.000784
INFO:root:epoch 8: reward = 0.4117	loss = 1.8676	xent = 1.6878
INFO:root:llratio = 0.0071	baselines_mse = 0.1869
DEBUG:root:baselines = [[0.26149064 0.23483548 0.22250317 0.31513903]
 [0.6627882  0.83937615 0.85798454 0.7274866 ]
 [0.4724259  0.37498748 0.34197667 0.3231374 ]
 ...
 [0.7793365  0.58791345 0.49331322 0.64606893]
 [0.26445547 0.6231069  0.7355069  0.82204986]
 [0.749428   0.8271689  0.7948791  0.8162054 ]]	rewards = [[1. 1. 1. 1.]
 [1. 1. 1. 1.]
 [0. 0. 0. 0.]
 ...
 [1. 1. 1. 1.]
 [1. 1. 1. 1.]
 [1. 1. 1. 1.]]
INFO:root:epoch 8: valid accuracy = 0.650645380435
INFO:root:epoch 9: batch: 100/420
INFO:root:epoch 9: avg_accuracy: 0.6796875
INFO:root:epoch 9: lr = 0.000760
INFO:root:epoch 9: reward = 0.4125	loss = 1.8594	xent = 1.6656
INFO:root:llratio = -0.0075	baselines_mse = 0.1863
DEBUG:root:baselines = [[0.66563755 0.6587638  0.60921955 0.39437318]
 [0.5918415  0.66031355 0.7327248  0.91094536]
 [0.32812932 0.3976078  0.37717968 0.31529087]
 ...
 [0.26470956 0.3078211  0.22653726 0.6302018 ]
 [0.29457074 0.34776312 0.2750375  0.22457123]
 [0.24085677 0.21751733 0.18381473 0.13941582]]	rewards = [[1. 1. 1. 1.]
 [1. 1. 1. 1.]
 [0. 0. 0. 0.]
 ...
 [1. 1. 1. 1.]
 [0. 0. 0. 0.]
 [1. 1. 1. 1.]]
INFO:root:epoch 9: batch: 200/420
INFO:root:epoch 9: avg_accuracy: 0.640625
INFO:root:epoch 9: lr = 0.000760
INFO:root:epoch 9: reward = 0.4180	loss = 1.8071	xent = 1.6173
INFO:root:llratio = -0.0025	baselines_mse = 0.1873
DEBUG:root:baselines = [[0.25792205 0.21355431 0.14689857 0.1263288 ]
 [0.2856961  0.23680176 0.71756065 0.54498875]
 [0.6377183  0.66520065 0.64526486 0.62242854]
 ...
 [0.26092675 0.2209359  0.4459877  0.4965369 ]
 [0.32304788 0.24660979 0.18343095 0.12725076]
 [0.7363632  0.80196714 0.75014937 0.60369253]]	rewards = [[0. 0. 0. 0.]
 [1. 1. 1. 1.]
 [1. 1. 1. 1.]
 ...
 [1. 1. 1. 1.]
 [0. 0. 0. 0.]
 [1. 1. 1. 1.]]
INFO:root:epoch 9: batch: 300/420
INFO:root:epoch 9: avg_accuracy: 0.6953125
INFO:root:epoch 9: lr = 0.000760
INFO:root:epoch 9: reward = 0.3953	loss = 1.8318	xent = 1.6538
INFO:root:llratio = -0.0026	baselines_mse = 0.1755
DEBUG:root:baselines = [[0.23422126 0.19708478 0.153322   0.2665091 ]
 [0.535554   0.41093317 0.36060464 0.32939708]
 [0.3362897  0.55527484 0.52472967 0.79356676]
 ...
 [0.25530392 0.2018442  0.15309429 0.11285082]
 [0.2484526  0.20785609 0.14782347 0.15862077]
 [0.6014229  0.71373695 0.87568694 0.98227286]]	rewards = [[0. 0. 0. 0.]
 [0. 0. 0. 0.]
 [1. 1. 1. 1.]
 ...
 [0. 0. 0. 0.]
 [1. 1. 1. 1.]
 [1. 1. 1. 1.]]
INFO:root:epoch 9: batch: 400/420
INFO:root:epoch 9: avg_accuracy: 0.6171875
INFO:root:epoch 9: lr = 0.000760
INFO:root:epoch 9: reward = 0.3969	loss = 1.8870	xent = 1.7100
INFO:root:llratio = 0.0020	baselines_mse = 0.1791
DEBUG:root:baselines = [[0.3356458  0.25136945 0.17796592 0.1324226 ]
 [0.999048   1.0095121  0.88063264 0.8415438 ]
 [0.27893463 0.2237283  0.24814412 0.19204746]
 ...
 [0.31121245 0.25332534 0.18777269 0.14822468]
 [0.2976215  0.33400884 0.33657718 0.35547844]
 [0.23134698 0.19995642 0.3316335  0.32976285]]	rewards = [[0. 0. 0. 0.]
 [1. 1. 1. 1.]
 [0. 0. 0. 0.]
 ...
 [0. 0. 0. 0.]
 [1. 1. 1. 1.]
 [0. 0. 0. 0.]]
INFO:root:epoch 9: valid accuracy = 0.666270380435
INFO:root:test accuracy = 0.664362980769
